<?xml version="1.0" encoding="UTF-8"?>
<!-- Generated by org.testng.reporters.JUnitReportReporter -->
<testsuite hostname="LAPTOP-AM8G0EIO" failures="0" tests="1" name="TestCase17.CucumberTestNGTestrunner" time="27.881" errors="0" timestamp="2023-02-13T22:17:56 CET" skipped="0">
  <testcase classname="TestCase17.CucumberTestNGTestrunner" name="runScenario" time="27.881"/>
  <system-out/>
</testsuite> <!-- TestCase17.CucumberTestNGTestrunner -->
