<?xml version="1.0" encoding="UTF-8"?>
<!-- Generated by org.testng.reporters.JUnitReportReporter -->
<testsuite hostname="LAPTOP-AM8G0EIO" failures="0" tests="1" name="testCase2.CucumberTestNGTestRunner" time="23.501" errors="0" timestamp="2023-03-20T01:15:02 CET" skipped="0">
  <testcase classname="testCase2.CucumberTestNGTestRunner" name="runScenario" time="23.501"/>
  <system-out/>
</testsuite> <!-- testCase2.CucumberTestNGTestRunner -->
