<?xml version="1.0" encoding="UTF-8"?>
<!-- Generated by org.testng.reporters.JUnitReportReporter -->
<testsuite hostname="LAPTOP-AM8G0EIO" failures="0" tests="1" name="testCase2.TestCase2CucumberTestNGTestRunner" time="35.099" errors="0" timestamp="2023-03-21T01:09:15 CET" skipped="0">
  <testcase classname="testCase2.TestCase2CucumberTestNGTestRunner" name="runScenario" time="35.099"/>
  <system-out/>
</testsuite> <!-- testCase2.TestCase2CucumberTestNGTestRunner -->
