<?xml version="1.0" encoding="UTF-8"?>
<!-- Generated by org.testng.reporters.JUnitReportReporter -->
<testsuite hostname="LAPTOP-AM8G0EIO" failures="0" tests="1" name="testCase1.TestCase1" time="20.937" errors="0" timestamp="2023-02-26T23:26:13 CET" skipped="0">
  <testcase classname="testCase1.TestCase1" name="registerUser" time="20.937"/>
  <system-out/>
</testsuite> <!-- testCase1.TestCase1 -->
