<?xml version="1.0" encoding="UTF-8"?>
<!-- Generated by org.testng.reporters.JUnitReportReporter -->
<testsuite hostname="LAPTOP-AM8G0EIO" failures="0" tests="1" name="testCase1.CucumberTestNGTestRunner" time="22.787" errors="0" timestamp="2023-02-25T15:31:21 CET" skipped="0">
  <testcase classname="testCase1.CucumberTestNGTestRunner" name="runScenario" time="22.787"/>
  <system-out/>
</testsuite> <!-- testCase1.CucumberTestNGTestRunner -->
