<?xml version="1.0" encoding="UTF-8"?>
<!-- Generated by org.testng.reporters.JUnitReportReporter -->
<testsuite hostname="LAPTOP-AM8G0EIO" failures="0" tests="1" name="testCase2.testCase2Script" time="33.566" errors="0" timestamp="2023-03-21T01:10:20 CET" skipped="0">
  <testcase classname="testCase2.testCase2Script" name="testcase2" time="33.566"/>
  <system-out/>
</testsuite> <!-- testCase2.testCase2Script -->
