<?xml version="1.0" encoding="UTF-8"?>
<!-- Generated by org.testng.reporters.JUnitReportReporter -->
<testsuite hostname="LAPTOP-AM8G0EIO" failures="0" tests="1" name="testCase5.TestCase5CucumberTestNGTestRunner" time="13.130" errors="0" timestamp="2023-03-23T00:35:09 CET" skipped="0">
  <testcase classname="testCase5.TestCase5CucumberTestNGTestRunner" name="runScenario" time="13.130"/>
  <system-out/>
</testsuite> <!-- testCase5.TestCase5CucumberTestNGTestRunner -->
