<?xml version="1.0" encoding="UTF-8"?>
<!-- Generated by org.testng.reporters.JUnitReportReporter -->
<testsuite hostname="LAPTOP-AM8G0EIO" failures="0" tests="1" name="TestCase3.CucumberTestngTestrunner" time="32.590" errors="0" timestamp="2023-02-13T07:07:45 CET" skipped="0">
  <testcase classname="TestCase3.CucumberTestngTestrunner" name="runScenario" time="32.590"/>
  <system-out/>
</testsuite> <!-- TestCase3.CucumberTestngTestrunner -->
