<?xml version="1.0" encoding="UTF-8"?>
<!-- Generated by org.testng.reporters.JUnitReportReporter -->
<testsuite hostname="LAPTOP-AM8G0EIO" failures="0" tests="1" name="testCase1.TestCase1" time="18.198" errors="0" timestamp="2023-02-25T15:24:47 CET" skipped="0">
  <testcase classname="testCase1.TestCase1" name="registerUser" time="18.198"/>
  <system-out/>
</testsuite> <!-- testCase1.TestCase1 -->
