<?xml version="1.0" encoding="UTF-8"?>
<!-- Generated by org.testng.reporters.JUnitReportReporter -->
<testsuite hostname="LAPTOP-AM8G0EIO" failures="0" tests="1" name="TestCase17.RemoveProductsFromCart" time="13.500" errors="0" timestamp="2023-02-13T23:20:36 CET" skipped="0">
  <testcase classname="TestCase17.RemoveProductsFromCart" name="removeProductFromCart" time="13.500"/>
  <system-out/>
</testsuite> <!-- TestCase17.RemoveProductsFromCart -->
