<?xml version="1.0" encoding="UTF-8"?>
<!-- Generated by org.testng.reporters.JUnitReportReporter -->
<testsuite hostname="LAPTOP-AM8G0EIO" failures="0" tests="1" name="TestCase3.LoginIncorrect" time="28.253" errors="0" timestamp="2023-02-13T23:20:36 CET" skipped="0">
  <testcase classname="TestCase3.LoginIncorrect" name="loginWrongData" time="28.253"/>
  <system-out/>
</testsuite> <!-- TestCase3.LoginIncorrect -->
